[2024-01-06 13:41:36] Текст ошибки: Oups, Error :( | Файл: D:\OSPanel\domains\freymvork-\public\index.php | Строка: 13
==============
[2024-01-06 14:45:08] Текст ошибки: Undefined variable $test | Файл: D:\OSPanel\domains\freymvork-\public\index.php | Строка: 14
==============
[2024-01-06 19:44:32] Текст ошибки: preg_match(): Compilation failed: missing closing parenthesis at offset 51 | Файл: D:\OSPanel\domains\freymvork-\vendor\core\Router.php | Строка: 46
==============
[2024-01-06 19:44:40] Текст ошибки: preg_match(): Compilation failed: missing closing parenthesis at offset 51 | Файл: D:\OSPanel\domains\freymvork-\vendor\core\Router.php | Строка: 46
==============
[2024-01-06 19:44:52] Текст ошибки: preg_match(): Compilation failed: missing closing parenthesis at offset 51 | Файл: D:\OSPanel\domains\freymvork-\vendor\core\Router.php | Строка: 46
==============
[2024-01-06 19:44:57] Текст ошибки: preg_match(): Compilation failed: missing closing parenthesis at offset 51 | Файл: D:\OSPanel\domains\freymvork-\vendor\core\Router.php | Строка: 46
==============
[2024-01-06 19:44:59] Текст ошибки: preg_match(): Compilation failed: missing closing parenthesis at offset 51 | Файл: D:\OSPanel\domains\freymvork-\vendor\core\Router.php | Строка: 46
==============
[2024-01-06 19:57:17] Текст ошибки: Non-static method core\Router::upperCamelCase() cannot be called statically | Файл: D:\OSPanel\domains\freymvork-\vendor\core\Router.php | Строка: 61
==============
[2024-01-06 19:57:18] Текст ошибки: Non-static method core\Router::upperCamelCase() cannot be called statically | Файл: D:\OSPanel\domains\freymvork-\vendor\core\Router.php | Строка: 61
==============
[2024-01-06 19:57:18] Текст ошибки: Non-static method core\Router::upperCamelCase() cannot be called statically | Файл: D:\OSPanel\domains\freymvork-\vendor\core\Router.php | Строка: 61
==============
[2024-01-06 19:57:18] Текст ошибки: Non-static method core\Router::upperCamelCase() cannot be called statically | Файл: D:\OSPanel\domains\freymvork-\vendor\core\Router.php | Строка: 61
==============
[2024-01-07 10:24:26] Текст ошибки: preg_match(): Compilation failed: missing closing parenthesis at offset 51 | Файл: D:\OSPanel\domains\freymvork-\vendor\core\Router.php | Строка: 47
==============
[2024-01-07 10:38:39] Текст ошибки: preg_match(): Compilation failed: missing closing parenthesis at offset 51 | Файл: D:\OSPanel\domains\freymvork-\vendor\core\Router.php | Строка: 47
==============
[2024-01-07 10:38:56] Текст ошибки: preg_match(): Compilation failed: missing closing parenthesis at offset 51 | Файл: D:\OSPanel\domains\freymvork-\vendor\core\Router.php | Строка: 47
==============
[2024-01-07 10:38:58] Текст ошибки: preg_match(): Compilation failed: missing closing parenthesis at offset 51 | Файл: D:\OSPanel\domains\freymvork-\vendor\core\Router.php | Строка: 47
==============
[2024-01-07 10:38:59] Текст ошибки: preg_match(): Compilation failed: missing closing parenthesis at offset 51 | Файл: D:\OSPanel\domains\freymvork-\vendor\core\Router.php | Строка: 47
==============
[2024-01-07 10:38:59] Текст ошибки: preg_match(): Compilation failed: missing closing parenthesis at offset 51 | Файл: D:\OSPanel\domains\freymvork-\vendor\core\Router.php | Строка: 47
==============
[2024-01-07 10:38:59] Текст ошибки: preg_match(): Compilation failed: missing closing parenthesis at offset 51 | Файл: D:\OSPanel\domains\freymvork-\vendor\core\Router.php | Строка: 47
==============
[2024-01-07 10:39:58] Текст ошибки: preg_match(): Compilation failed: missing closing parenthesis at offset 51 | Файл: D:\OSPanel\domains\freymvork-\vendor\core\Router.php | Строка: 47
==============
[2024-01-07 10:39:58] Текст ошибки: preg_match(): Compilation failed: missing closing parenthesis at offset 51 | Файл: D:\OSPanel\domains\freymvork-\vendor\core\Router.php | Строка: 47
==============
[2024-01-07 10:39:59] Текст ошибки: preg_match(): Compilation failed: missing closing parenthesis at offset 51 | Файл: D:\OSPanel\domains\freymvork-\vendor\core\Router.php | Строка: 47
==============
[2024-01-07 10:39:59] Текст ошибки: preg_match(): Compilation failed: missing closing parenthesis at offset 51 | Файл: D:\OSPanel\domains\freymvork-\vendor\core\Router.php | Строка: 47
==============
[2024-01-07 10:40:22] Текст ошибки: preg_match(): Compilation failed: missing closing parenthesis at offset 51 | Файл: D:\OSPanel\domains\freymvork-\vendor\core\Router.php | Строка: 47
==============
[2024-01-07 10:40:22] Текст ошибки: preg_match(): Compilation failed: missing closing parenthesis at offset 51 | Файл: D:\OSPanel\domains\freymvork-\vendor\core\Router.php | Строка: 47
==============
[2024-01-07 10:40:22] Текст ошибки: preg_match(): Compilation failed: missing closing parenthesis at offset 51 | Файл: D:\OSPanel\domains\freymvork-\vendor\core\Router.php | Строка: 47
==============
[2024-01-07 10:41:36] Текст ошибки: preg_match(): Compilation failed: missing closing parenthesis at offset 51 | Файл: D:\OSPanel\domains\freymvork-\vendor\core\Router.php | Строка: 47
==============
[2024-01-07 10:41:37] Текст ошибки: preg_match(): Compilation failed: missing closing parenthesis at offset 51 | Файл: D:\OSPanel\domains\freymvork-\vendor\core\Router.php | Строка: 47
==============
[2024-01-07 10:41:37] Текст ошибки: preg_match(): Compilation failed: missing closing parenthesis at offset 51 | Файл: D:\OSPanel\domains\freymvork-\vendor\core\Router.php | Строка: 47
==============
[2024-01-07 10:43:45] Текст ошибки: preg_match(): Compilation failed: missing closing parenthesis at offset 51 | Файл: D:\OSPanel\domains\freymvork-\vendor\core\Router.php | Строка: 47
==============
[2024-01-07 10:43:55] Текст ошибки: preg_match(): Compilation failed: missing closing parenthesis at offset 51 | Файл: D:\OSPanel\domains\freymvork-\vendor\core\Router.php | Строка: 47
==============
[2024-01-07 10:43:58] Текст ошибки: preg_match(): Compilation failed: missing closing parenthesis at offset 51 | Файл: D:\OSPanel\domains\freymvork-\vendor\core\Router.php | Строка: 47
==============
[2024-01-07 10:43:58] Текст ошибки: preg_match(): Compilation failed: missing closing parenthesis at offset 51 | Файл: D:\OSPanel\domains\freymvork-\vendor\core\Router.php | Строка: 47
==============
[2024-01-07 10:43:58] Текст ошибки: preg_match(): Compilation failed: missing closing parenthesis at offset 51 | Файл: D:\OSPanel\domains\freymvork-\vendor\core\Router.php | Строка: 47
==============
[2024-01-07 10:44:17] Текст ошибки: preg_match(): Compilation failed: missing closing parenthesis at offset 51 | Файл: D:\OSPanel\domains\freymvork-\vendor\core\Router.php | Строка: 47
==============
[2024-01-07 11:09:58] Текст ошибки: Undefined array key "admin-prefrx" | Файл: D:\OSPanel\domains\freymvork-\vendor\core\Router.php | Строка: 35
==============
[2024-01-07 11:09:58] Текст ошибки: Undefined array key "admin-prefrx" | Файл: D:\OSPanel\domains\freymvork-\vendor\core\Router.php | Строка: 35
==============
[2024-01-07 11:09:59] Текст ошибки: Undefined array key "admin-prefrx" | Файл: D:\OSPanel\domains\freymvork-\vendor\core\Router.php | Строка: 35
==============
[2024-01-07 11:10:08] Текст ошибки: Undefined array key "admin-prefrx" | Файл: D:\OSPanel\domains\freymvork-\vendor\core\Router.php | Строка: 35
==============
[2024-01-07 11:10:08] Текст ошибки: Undefined array key "admin-prefrx" | Файл: D:\OSPanel\domains\freymvork-\vendor\core\Router.php | Строка: 35
==============
[2024-01-07 11:10:10] Текст ошибки: Undefined array key "admin-prefrx" | Файл: D:\OSPanel\domains\freymvork-\vendor\core\Router.php | Строка: 35
==============
[2024-01-07 11:10:53] Текст ошибки: Undefined array key "admin-prefrx" | Файл: D:\OSPanel\domains\freymvork-\vendor\core\Router.php | Строка: 35
==============
[2024-01-07 11:10:54] Текст ошибки: Undefined array key "admin-prefrx" | Файл: D:\OSPanel\domains\freymvork-\vendor\core\Router.php | Строка: 35
==============
[2024-01-07 11:10:54] Текст ошибки: Undefined array key "admin-prefrx" | Файл: D:\OSPanel\domains\freymvork-\vendor\core\Router.php | Строка: 35
==============
[2024-01-07 11:10:54] Текст ошибки: Undefined array key "admin-prefrx" | Файл: D:\OSPanel\domains\freymvork-\vendor\core\Router.php | Строка: 35
==============
[2024-01-07 11:10:54] Текст ошибки: Undefined array key "admin-prefrx" | Файл: D:\OSPanel\domains\freymvork-\vendor\core\Router.php | Строка: 35
==============
[2024-01-07 11:11:12] Текст ошибки: Undefined array key "admin-prefrx" | Файл: D:\OSPanel\domains\freymvork-\vendor\core\Router.php | Строка: 35
==============
[2024-01-07 11:11:14] Текст ошибки: Undefined array key "admin-prefrx" | Файл: D:\OSPanel\domains\freymvork-\vendor\core\Router.php | Строка: 35
==============
[2024-01-07 11:11:14] Текст ошибки: Undefined array key "admin-prefrx" | Файл: D:\OSPanel\domains\freymvork-\vendor\core\Router.php | Строка: 35
==============
[2024-01-07 11:11:14] Текст ошибки: Undefined array key "admin-prefrx" | Файл: D:\OSPanel\domains\freymvork-\vendor\core\Router.php | Строка: 35
==============
[2024-01-07 11:11:15] Текст ошибки: Undefined array key "admin-prefrx" | Файл: D:\OSPanel\domains\freymvork-\vendor\core\Router.php | Строка: 35
==============
[2024-01-07 11:11:25] Текст ошибки: Undefined array key "admin-prefix" | Файл: D:\OSPanel\domains\freymvork-\vendor\core\Router.php | Строка: 35
==============
[2024-01-07 11:11:25] Текст ошибки: Undefined array key "admin-prefix" | Файл: D:\OSPanel\domains\freymvork-\vendor\core\Router.php | Строка: 35
==============
[2024-01-07 11:11:26] Текст ошибки: Undefined array key "admin-prefix" | Файл: D:\OSPanel\domains\freymvork-\vendor\core\Router.php | Строка: 35
==============
[2024-01-07 11:11:26] Текст ошибки: Undefined array key "admin-prefix" | Файл: D:\OSPanel\domains\freymvork-\vendor\core\Router.php | Строка: 35
==============
[2024-01-07 11:11:39] Текст ошибки: Котроллер app\controller\admin\MainController не найден | Файл: D:\OSPanel\domains\freymvork-\vendor\core\Router.php | Строка: 47
==============
[2024-01-07 11:11:40] Текст ошибки: Котроллер app\controller\admin\MainController не найден | Файл: D:\OSPanel\domains\freymvork-\vendor\core\Router.php | Строка: 47
==============
[2024-01-07 11:11:40] Текст ошибки: Котроллер app\controller\admin\MainController не найден | Файл: D:\OSPanel\domains\freymvork-\vendor\core\Router.php | Строка: 47
==============
[2024-01-07 11:11:40] Текст ошибки: Котроллер app\controller\admin\MainController не найден | Файл: D:\OSPanel\domains\freymvork-\vendor\core\Router.php | Строка: 47
==============
[2024-01-07 11:14:07] Текст ошибки: Котроллер app\controller\admin\MainController не найден | Файл: D:\OSPanel\domains\freymvork-\vendor\core\Router.php | Строка: 47
==============
[2024-01-07 11:14:08] Текст ошибки: Котроллер app\controller\admin\MainController не найден | Файл: D:\OSPanel\domains\freymvork-\vendor\core\Router.php | Строка: 47
==============
[2024-01-07 11:14:08] Текст ошибки: Котроллер app\controller\admin\MainController не найден | Файл: D:\OSPanel\domains\freymvork-\vendor\core\Router.php | Строка: 47
==============
[2024-01-07 11:14:08] Текст ошибки: Котроллер app\controller\admin\MainController не найден | Файл: D:\OSPanel\domains\freymvork-\vendor\core\Router.php | Строка: 47
==============
[2024-01-07 11:14:08] Текст ошибки: Котроллер app\controller\admin\MainController не найден | Файл: D:\OSPanel\domains\freymvork-\vendor\core\Router.php | Строка: 47
==============
[2024-01-07 11:14:25] Текст ошибки: Котроллер app\controller\admin\MainController не найден | Файл: D:\OSPanel\domains\freymvork-\vendor\core\Router.php | Строка: 47
==============
[2024-01-07 11:14:33] Текст ошибки: Котроллер app\controller\MainController не найден | Файл: D:\OSPanel\domains\freymvork-\vendor\core\Router.php | Строка: 47
==============
[2024-01-07 11:14:33] Текст ошибки: Котроллер app\controller\MainController не найден | Файл: D:\OSPanel\domains\freymvork-\vendor\core\Router.php | Строка: 47
==============
[2024-01-07 11:16:12] Текст ошибки: Контроллер app\controller\MainController не найден | Файл: D:\OSPanel\domains\freymvork-\vendor\core\Router.php | Строка: 47
==============
[2024-01-07 11:16:13] Текст ошибки: Контроллер app\controller\MainController не найден | Файл: D:\OSPanel\domains\freymvork-\vendor\core\Router.php | Строка: 47
==============
[2024-01-07 11:16:13] Текст ошибки: Контроллер app\controller\MainController не найден | Файл: D:\OSPanel\domains\freymvork-\vendor\core\Router.php | Строка: 47
==============
[2024-01-07 11:16:13] Текст ошибки: Контроллер app\controller\MainController не найден | Файл: D:\OSPanel\domains\freymvork-\vendor\core\Router.php | Строка: 47
==============
[2024-01-07 11:18:54] Текст ошибки: Контроллер app\controller\MainController не найден | Файл: D:\OSPanel\domains\freymvork-\vendor\core\Router.php | Строка: 47
==============
[2024-01-07 11:18:55] Текст ошибки: Контроллер app\controller\MainController не найден | Файл: D:\OSPanel\domains\freymvork-\vendor\core\Router.php | Строка: 47
==============
[2024-01-07 11:18:55] Текст ошибки: Контроллер app\controller\MainController не найден | Файл: D:\OSPanel\domains\freymvork-\vendor\core\Router.php | Строка: 47
==============
[2024-01-07 11:18:55] Текст ошибки: Контроллер app\controller\MainController не найден | Файл: D:\OSPanel\domains\freymvork-\vendor\core\Router.php | Строка: 47
==============
[2024-01-07 11:19:06] Текст ошибки: Контроллер app\controller\admin\MainController не найден | Файл: D:\OSPanel\domains\freymvork-\vendor\core\Router.php | Строка: 47
==============
[2024-01-07 11:19:10] Текст ошибки: Контроллер app\controller\admin\MainController не найден | Файл: D:\OSPanel\domains\freymvork-\vendor\core\Router.php | Строка: 47
==============
[2024-01-07 11:19:10] Текст ошибки: Контроллер app\controller\admin\MainController не найден | Файл: D:\OSPanel\domains\freymvork-\vendor\core\Router.php | Строка: 47
==============
[2024-01-07 11:19:10] Текст ошибки: Контроллер app\controller\admin\MainController не найден | Файл: D:\OSPanel\domains\freymvork-\vendor\core\Router.php | Строка: 47
==============
[2024-01-07 11:19:10] Текст ошибки: Контроллер app\controller\admin\MainController не найден | Файл: D:\OSPanel\domains\freymvork-\vendor\core\Router.php | Строка: 47
==============
[2024-01-07 11:19:34] Текст ошибки: Контроллер app\controller\MainController не найден | Файл: D:\OSPanel\domains\freymvork-\vendor\core\Router.php | Строка: 47
==============
[2024-01-07 11:19:35] Текст ошибки: Контроллер app\controller\MainController не найден | Файл: D:\OSPanel\domains\freymvork-\vendor\core\Router.php | Строка: 47
==============
[2024-01-07 11:19:37] Текст ошибки: Контроллер app\controller\MainController не найден | Файл: D:\OSPanel\domains\freymvork-\vendor\core\Router.php | Строка: 47
==============
[2024-01-07 11:19:37] Текст ошибки: Контроллер app\controller\MainController не найден | Файл: D:\OSPanel\domains\freymvork-\vendor\core\Router.php | Строка: 47
==============
[2024-01-07 11:19:55] Текст ошибки: Контроллер app\controllers\MainController не найден | Файл: D:\OSPanel\domains\freymvork-\vendor\core\Router.php | Строка: 47
==============
[2024-01-07 11:19:56] Текст ошибки: Контроллер app\controllers\MainController не найден | Файл: D:\OSPanel\domains\freymvork-\vendor\core\Router.php | Строка: 47
==============
[2024-01-07 11:19:56] Текст ошибки: Контроллер app\controllers\MainController не найден | Файл: D:\OSPanel\domains\freymvork-\vendor\core\Router.php | Строка: 47
==============
[2024-01-07 11:19:57] Текст ошибки: Контроллер app\controllers\MainController не найден | Файл: D:\OSPanel\domains\freymvork-\vendor\core\Router.php | Строка: 47
==============
